04 Aug 2021 23:57:32,825 main - browser name is chrome
04 Aug 2021 23:57:35,676 main - chrome browser setup
05 Aug 2021 00:07:17,345 TestNG-tests-2 - browser name is chrome
05 Aug 2021 00:07:17,345 TestNG-tests-1 - browser name is chrome
05 Aug 2021 00:07:19,038 TestNG-tests-1 - chrome browser setup
05 Aug 2021 00:07:19,099 TestNG-tests-2 - chrome browser setup
05 Aug 2021 00:07:33,501 TestNG-tests-1 - Couldn't find template in cache for "index.ftl"("en", UTF-8, parsed); will try to load it.
05 Aug 2021 00:07:33,503 TestNG-tests-1 - TemplateLoader.findTemplateSource("index_en.ftl"): Not found
05 Aug 2021 00:07:33,507 TestNG-tests-1 - TemplateLoader.findTemplateSource("index.ftl"): Found
05 Aug 2021 00:07:33,508 TestNG-tests-1 - Loading template for "index.ftl"("en", UTF-8, parsed) from "jar:file:/C:/Users/admin/.m2/repository/com/aventstack/extentreports/3.1.5/extentreports-3.1.5.jar!/com/aventstack/extentreports/view/html-report/index.ftl"
05 Aug 2021 00:07:34,364 TestNG-tests-1 - Couldn't find template in cache for "head.ftl"("en", UTF-8, parsed); will try to load it.
05 Aug 2021 00:07:34,364 TestNG-tests-1 - TemplateLoader.findTemplateSource("head_en.ftl"): Not found
05 Aug 2021 00:07:34,365 TestNG-tests-1 - TemplateLoader.findTemplateSource("head.ftl"): Found
05 Aug 2021 00:07:34,365 TestNG-tests-1 - Loading template for "head.ftl"("en", UTF-8, parsed) from "jar:file:/C:/Users/admin/.m2/repository/com/aventstack/extentreports/3.1.5/extentreports-3.1.5.jar!/com/aventstack/extentreports/view/html-report/head.ftl"
05 Aug 2021 00:07:34,370 TestNG-tests-1 - Couldn't find template in cache for "nav.ftl"("en", UTF-8, parsed); will try to load it.
05 Aug 2021 00:07:34,371 TestNG-tests-1 - TemplateLoader.findTemplateSource("nav_en.ftl"): Not found
05 Aug 2021 00:07:34,371 TestNG-tests-1 - TemplateLoader.findTemplateSource("nav.ftl"): Found
05 Aug 2021 00:07:34,371 TestNG-tests-1 - Loading template for "nav.ftl"("en", UTF-8, parsed) from "jar:file:/C:/Users/admin/.m2/repository/com/aventstack/extentreports/3.1.5/extentreports-3.1.5.jar!/com/aventstack/extentreports/view/html-report/nav.ftl"
05 Aug 2021 00:07:34,472 TestNG-tests-1 - Couldn't find template in cache for "test-view/test-view.ftl"("en", UTF-8, parsed); will try to load it.
05 Aug 2021 00:07:34,472 TestNG-tests-1 - TemplateLoader.findTemplateSource("test-view/test-view_en.ftl"): Not found
05 Aug 2021 00:07:34,473 TestNG-tests-1 - TemplateLoader.findTemplateSource("test-view/test-view.ftl"): Found
05 Aug 2021 00:07:34,473 TestNG-tests-1 - Loading template for "test-view/test-view.ftl"("en", UTF-8, parsed) from "jar:file:/C:/Users/admin/.m2/repository/com/aventstack/extentreports/3.1.5/extentreports-3.1.5.jar!/com/aventstack/extentreports/view/html-report/test-view/test-view.ftl"
05 Aug 2021 00:07:34,502 TestNG-tests-1 - Couldn't find template in cache for "test-view/test-view-charts.ftl"("en", UTF-8, parsed); will try to load it.
05 Aug 2021 00:07:34,502 TestNG-tests-1 - TemplateLoader.findTemplateSource("test-view/test-view-charts_en.ftl"): Not found
05 Aug 2021 00:07:34,503 TestNG-tests-1 - TemplateLoader.findTemplateSource("test-view/test-view-charts.ftl"): Found
05 Aug 2021 00:07:34,503 TestNG-tests-1 - Loading template for "test-view/test-view-charts.ftl"("en", UTF-8, parsed) from "jar:file:/C:/Users/admin/.m2/repository/com/aventstack/extentreports/3.1.5/extentreports-3.1.5.jar!/com/aventstack/extentreports/view/html-report/test-view/test-view-charts.ftl"
05 Aug 2021 00:07:34,529 TestNG-tests-1 - Couldn't find template in cache for "test-view/standard.ftl"("en", UTF-8, parsed); will try to load it.
05 Aug 2021 00:07:34,530 TestNG-tests-1 - TemplateLoader.findTemplateSource("test-view/standard_en.ftl"): Not found
05 Aug 2021 00:07:34,530 TestNG-tests-1 - TemplateLoader.findTemplateSource("test-view/standard.ftl"): Found
05 Aug 2021 00:07:34,530 TestNG-tests-1 - Loading template for "test-view/standard.ftl"("en", UTF-8, parsed) from "jar:file:/C:/Users/admin/.m2/repository/com/aventstack/extentreports/3.1.5/extentreports-3.1.5.jar!/com/aventstack/extentreports/view/html-report/test-view/standard.ftl"
05 Aug 2021 00:07:34,574 TestNG-tests-1 - "test-view/standard.ftl"("en", UTF-8, parsed) cached copy not yet stale; using cached.
05 Aug 2021 00:07:34,576 TestNG-tests-1 - "test-view/standard.ftl"("en", UTF-8, parsed) cached copy not yet stale; using cached.
05 Aug 2021 00:07:34,578 TestNG-tests-1 - "test-view/standard.ftl"("en", UTF-8, parsed) cached copy not yet stale; using cached.
05 Aug 2021 00:07:34,581 TestNG-tests-1 - "test-view/standard.ftl"("en", UTF-8, parsed) cached copy not yet stale; using cached.
05 Aug 2021 00:07:34,584 TestNG-tests-1 - "test-view/standard.ftl"("en", UTF-8, parsed) cached copy not yet stale; using cached.
05 Aug 2021 00:07:34,585 TestNG-tests-1 - "test-view/standard.ftl"("en", UTF-8, parsed) cached copy not yet stale; using cached.
05 Aug 2021 00:07:34,587 TestNG-tests-1 - "test-view/standard.ftl"("en", UTF-8, parsed) cached copy not yet stale; using cached.
05 Aug 2021 00:07:34,590 TestNG-tests-1 - Couldn't find template in cache for "category-view/category-view.ftl"("en", UTF-8, parsed); will try to load it.
05 Aug 2021 00:07:34,591 TestNG-tests-1 - TemplateLoader.findTemplateSource("category-view/category-view_en.ftl"): Not found
05 Aug 2021 00:07:34,592 TestNG-tests-1 - TemplateLoader.findTemplateSource("category-view/category-view.ftl"): Found
05 Aug 2021 00:07:34,592 TestNG-tests-1 - Loading template for "category-view/category-view.ftl"("en", UTF-8, parsed) from "jar:file:/C:/Users/admin/.m2/repository/com/aventstack/extentreports/3.1.5/extentreports-3.1.5.jar!/com/aventstack/extentreports/view/html-report/category-view/category-view.ftl"
05 Aug 2021 00:07:34,609 TestNG-tests-1 - Couldn't find template in cache for "author-view/author-view.ftl"("en", UTF-8, parsed); will try to load it.
05 Aug 2021 00:07:34,610 TestNG-tests-1 - TemplateLoader.findTemplateSource("author-view/author-view_en.ftl"): Not found
05 Aug 2021 00:07:34,610 TestNG-tests-1 - TemplateLoader.findTemplateSource("author-view/author-view.ftl"): Found
05 Aug 2021 00:07:34,610 TestNG-tests-1 - Loading template for "author-view/author-view.ftl"("en", UTF-8, parsed) from "jar:file:/C:/Users/admin/.m2/repository/com/aventstack/extentreports/3.1.5/extentreports-3.1.5.jar!/com/aventstack/extentreports/view/html-report/author-view/author-view.ftl"
05 Aug 2021 00:07:34,620 TestNG-tests-1 - Couldn't find template in cache for "exception-view/exception-view.ftl"("en", UTF-8, parsed); will try to load it.
05 Aug 2021 00:07:34,621 TestNG-tests-1 - TemplateLoader.findTemplateSource("exception-view/exception-view_en.ftl"): Not found
05 Aug 2021 00:07:34,621 TestNG-tests-1 - TemplateLoader.findTemplateSource("exception-view/exception-view.ftl"): Found
05 Aug 2021 00:07:34,621 TestNG-tests-1 - Loading template for "exception-view/exception-view.ftl"("en", UTF-8, parsed) from "jar:file:/C:/Users/admin/.m2/repository/com/aventstack/extentreports/3.1.5/extentreports-3.1.5.jar!/com/aventstack/extentreports/view/html-report/exception-view/exception-view.ftl"
05 Aug 2021 00:07:34,626 TestNG-tests-1 - Couldn't find template in cache for "dashboard-view/dashboard-view.ftl"("en", UTF-8, parsed); will try to load it.
05 Aug 2021 00:07:34,627 TestNG-tests-1 - TemplateLoader.findTemplateSource("dashboard-view/dashboard-view_en.ftl"): Not found
05 Aug 2021 00:07:34,627 TestNG-tests-1 - TemplateLoader.findTemplateSource("dashboard-view/dashboard-view.ftl"): Found
05 Aug 2021 00:07:34,627 TestNG-tests-1 - Loading template for "dashboard-view/dashboard-view.ftl"("en", UTF-8, parsed) from "jar:file:/C:/Users/admin/.m2/repository/com/aventstack/extentreports/3.1.5/extentreports-3.1.5.jar!/com/aventstack/extentreports/view/html-report/dashboard-view/dashboard-view.ftl"
05 Aug 2021 00:07:34,642 TestNG-tests-1 - Couldn't find template in cache for "logs-view/testrunner-logs-view.ftl"("en", UTF-8, parsed); will try to load it.
05 Aug 2021 00:07:34,643 TestNG-tests-1 - TemplateLoader.findTemplateSource("logs-view/testrunner-logs-view_en.ftl"): Not found
05 Aug 2021 00:07:34,644 TestNG-tests-1 - TemplateLoader.findTemplateSource("logs-view/testrunner-logs-view.ftl"): Found
05 Aug 2021 00:07:34,644 TestNG-tests-1 - Loading template for "logs-view/testrunner-logs-view.ftl"("en", UTF-8, parsed) from "jar:file:/C:/Users/admin/.m2/repository/com/aventstack/extentreports/3.1.5/extentreports-3.1.5.jar!/com/aventstack/extentreports/view/html-report/logs-view/testrunner-logs-view.ftl"
05 Aug 2021 00:07:43,491 TestNG-tests-2 - Couldn't find template in cache for "index.ftl"("en", UTF-8, parsed); will try to load it.
05 Aug 2021 00:07:43,492 TestNG-tests-2 - TemplateLoader.findTemplateSource("index_en.ftl"): Not found
05 Aug 2021 00:07:43,492 TestNG-tests-2 - TemplateLoader.findTemplateSource("index.ftl"): Found
05 Aug 2021 00:07:43,492 TestNG-tests-2 - Loading template for "index.ftl"("en", UTF-8, parsed) from "jar:file:/C:/Users/admin/.m2/repository/com/aventstack/extentreports/3.1.5/extentreports-3.1.5.jar!/com/aventstack/extentreports/view/html-report/index.ftl"
05 Aug 2021 00:07:43,535 TestNG-tests-2 - Couldn't find template in cache for "head.ftl"("en", UTF-8, parsed); will try to load it.
05 Aug 2021 00:07:43,535 TestNG-tests-2 - TemplateLoader.findTemplateSource("head_en.ftl"): Not found
05 Aug 2021 00:07:43,536 TestNG-tests-2 - TemplateLoader.findTemplateSource("head.ftl"): Found
05 Aug 2021 00:07:43,536 TestNG-tests-2 - Loading template for "head.ftl"("en", UTF-8, parsed) from "jar:file:/C:/Users/admin/.m2/repository/com/aventstack/extentreports/3.1.5/extentreports-3.1.5.jar!/com/aventstack/extentreports/view/html-report/head.ftl"
05 Aug 2021 00:07:43,540 TestNG-tests-2 - Couldn't find template in cache for "nav.ftl"("en", UTF-8, parsed); will try to load it.
05 Aug 2021 00:07:43,541 TestNG-tests-2 - TemplateLoader.findTemplateSource("nav_en.ftl"): Not found
05 Aug 2021 00:07:43,541 TestNG-tests-2 - TemplateLoader.findTemplateSource("nav.ftl"): Found
05 Aug 2021 00:07:43,541 TestNG-tests-2 - Loading template for "nav.ftl"("en", UTF-8, parsed) from "jar:file:/C:/Users/admin/.m2/repository/com/aventstack/extentreports/3.1.5/extentreports-3.1.5.jar!/com/aventstack/extentreports/view/html-report/nav.ftl"
05 Aug 2021 00:07:43,561 TestNG-tests-2 - Couldn't find template in cache for "test-view/test-view.ftl"("en", UTF-8, parsed); will try to load it.
05 Aug 2021 00:07:43,562 TestNG-tests-2 - TemplateLoader.findTemplateSource("test-view/test-view_en.ftl"): Not found
05 Aug 2021 00:07:43,563 TestNG-tests-2 - TemplateLoader.findTemplateSource("test-view/test-view.ftl"): Found
05 Aug 2021 00:07:43,563 TestNG-tests-2 - Loading template for "test-view/test-view.ftl"("en", UTF-8, parsed) from "jar:file:/C:/Users/admin/.m2/repository/com/aventstack/extentreports/3.1.5/extentreports-3.1.5.jar!/com/aventstack/extentreports/view/html-report/test-view/test-view.ftl"
05 Aug 2021 00:07:43,574 TestNG-tests-2 - Couldn't find template in cache for "test-view/test-view-charts.ftl"("en", UTF-8, parsed); will try to load it.
05 Aug 2021 00:07:43,575 TestNG-tests-2 - TemplateLoader.findTemplateSource("test-view/test-view-charts_en.ftl"): Not found
05 Aug 2021 00:07:43,575 TestNG-tests-2 - TemplateLoader.findTemplateSource("test-view/test-view-charts.ftl"): Found
05 Aug 2021 00:07:43,575 TestNG-tests-2 - Loading template for "test-view/test-view-charts.ftl"("en", UTF-8, parsed) from "jar:file:/C:/Users/admin/.m2/repository/com/aventstack/extentreports/3.1.5/extentreports-3.1.5.jar!/com/aventstack/extentreports/view/html-report/test-view/test-view-charts.ftl"
05 Aug 2021 00:07:43,599 TestNG-tests-2 - Couldn't find template in cache for "test-view/standard.ftl"("en", UTF-8, parsed); will try to load it.
05 Aug 2021 00:07:43,600 TestNG-tests-2 - TemplateLoader.findTemplateSource("test-view/standard_en.ftl"): Not found
05 Aug 2021 00:07:43,601 TestNG-tests-2 - TemplateLoader.findTemplateSource("test-view/standard.ftl"): Found
05 Aug 2021 00:07:43,601 TestNG-tests-2 - Loading template for "test-view/standard.ftl"("en", UTF-8, parsed) from "jar:file:/C:/Users/admin/.m2/repository/com/aventstack/extentreports/3.1.5/extentreports-3.1.5.jar!/com/aventstack/extentreports/view/html-report/test-view/standard.ftl"
05 Aug 2021 00:07:43,618 TestNG-tests-2 - "test-view/standard.ftl"("en", UTF-8, parsed) cached copy not yet stale; using cached.
05 Aug 2021 00:07:43,619 TestNG-tests-2 - "test-view/standard.ftl"("en", UTF-8, parsed) cached copy not yet stale; using cached.
05 Aug 2021 00:07:43,621 TestNG-tests-2 - "test-view/standard.ftl"("en", UTF-8, parsed) cached copy not yet stale; using cached.
05 Aug 2021 00:07:43,631 TestNG-tests-2 - "test-view/standard.ftl"("en", UTF-8, parsed) cached copy not yet stale; using cached.
05 Aug 2021 00:07:43,633 TestNG-tests-2 - "test-view/standard.ftl"("en", UTF-8, parsed) cached copy not yet stale; using cached.
05 Aug 2021 00:07:43,635 TestNG-tests-2 - "test-view/standard.ftl"("en", UTF-8, parsed) cached copy not yet stale; using cached.
05 Aug 2021 00:07:43,636 TestNG-tests-2 - "test-view/standard.ftl"("en", UTF-8, parsed) cached copy not yet stale; using cached.
05 Aug 2021 00:07:43,659 TestNG-tests-2 - "test-view/standard.ftl"("en", UTF-8, parsed) cached copy not yet stale; using cached.
05 Aug 2021 00:07:43,667 TestNG-tests-2 - "test-view/standard.ftl"("en", UTF-8, parsed) cached copy not yet stale; using cached.
05 Aug 2021 00:07:43,668 TestNG-tests-2 - Couldn't find template in cache for "category-view/category-view.ftl"("en", UTF-8, parsed); will try to load it.
05 Aug 2021 00:07:43,669 TestNG-tests-2 - TemplateLoader.findTemplateSource("category-view/category-view_en.ftl"): Not found
05 Aug 2021 00:07:43,670 TestNG-tests-2 - TemplateLoader.findTemplateSource("category-view/category-view.ftl"): Found
05 Aug 2021 00:07:43,670 TestNG-tests-2 - Loading template for "category-view/category-view.ftl"("en", UTF-8, parsed) from "jar:file:/C:/Users/admin/.m2/repository/com/aventstack/extentreports/3.1.5/extentreports-3.1.5.jar!/com/aventstack/extentreports/view/html-report/category-view/category-view.ftl"
05 Aug 2021 00:07:43,683 TestNG-tests-2 - Couldn't find template in cache for "author-view/author-view.ftl"("en", UTF-8, parsed); will try to load it.
05 Aug 2021 00:07:43,684 TestNG-tests-2 - TemplateLoader.findTemplateSource("author-view/author-view_en.ftl"): Not found
05 Aug 2021 00:07:43,684 TestNG-tests-2 - TemplateLoader.findTemplateSource("author-view/author-view.ftl"): Found
05 Aug 2021 00:07:43,685 TestNG-tests-2 - Loading template for "author-view/author-view.ftl"("en", UTF-8, parsed) from "jar:file:/C:/Users/admin/.m2/repository/com/aventstack/extentreports/3.1.5/extentreports-3.1.5.jar!/com/aventstack/extentreports/view/html-report/author-view/author-view.ftl"
05 Aug 2021 00:07:43,691 TestNG-tests-2 - Couldn't find template in cache for "exception-view/exception-view.ftl"("en", UTF-8, parsed); will try to load it.
05 Aug 2021 00:07:43,692 TestNG-tests-2 - TemplateLoader.findTemplateSource("exception-view/exception-view_en.ftl"): Not found
05 Aug 2021 00:07:43,692 TestNG-tests-2 - TemplateLoader.findTemplateSource("exception-view/exception-view.ftl"): Found
05 Aug 2021 00:07:43,693 TestNG-tests-2 - Loading template for "exception-view/exception-view.ftl"("en", UTF-8, parsed) from "jar:file:/C:/Users/admin/.m2/repository/com/aventstack/extentreports/3.1.5/extentreports-3.1.5.jar!/com/aventstack/extentreports/view/html-report/exception-view/exception-view.ftl"
05 Aug 2021 00:07:43,708 TestNG-tests-2 - Couldn't find template in cache for "dashboard-view/dashboard-view.ftl"("en", UTF-8, parsed); will try to load it.
05 Aug 2021 00:07:43,709 TestNG-tests-2 - TemplateLoader.findTemplateSource("dashboard-view/dashboard-view_en.ftl"): Not found
05 Aug 2021 00:07:43,709 TestNG-tests-2 - TemplateLoader.findTemplateSource("dashboard-view/dashboard-view.ftl"): Found
05 Aug 2021 00:07:43,713 TestNG-tests-2 - Loading template for "dashboard-view/dashboard-view.ftl"("en", UTF-8, parsed) from "jar:file:/C:/Users/admin/.m2/repository/com/aventstack/extentreports/3.1.5/extentreports-3.1.5.jar!/com/aventstack/extentreports/view/html-report/dashboard-view/dashboard-view.ftl"
05 Aug 2021 00:07:43,724 TestNG-tests-2 - Couldn't find template in cache for "logs-view/testrunner-logs-view.ftl"("en", UTF-8, parsed); will try to load it.
05 Aug 2021 00:07:43,724 TestNG-tests-2 - TemplateLoader.findTemplateSource("logs-view/testrunner-logs-view_en.ftl"): Not found
05 Aug 2021 00:07:43,725 TestNG-tests-2 - TemplateLoader.findTemplateSource("logs-view/testrunner-logs-view.ftl"): Found
05 Aug 2021 00:07:43,725 TestNG-tests-2 - Loading template for "logs-view/testrunner-logs-view.ftl"("en", UTF-8, parsed) from "jar:file:/C:/Users/admin/.m2/repository/com/aventstack/extentreports/3.1.5/extentreports-3.1.5.jar!/com/aventstack/extentreports/view/html-report/logs-view/testrunner-logs-view.ftl"
05 Aug 2021 00:42:04,685 main - browser name is chrome
05 Aug 2021 00:42:06,262 main - chrome browser setup
